INFO:root:Started
INFO:root:I told you so
INFO:root:Finished
INFO:root:Started
INFO:root:I told you so
INFO:root:Finished
INFO:root:Started
INFO:root:I told you so
INFO:root:Finished
INFO:root:Started
INFO:root:I told you so
INFO:root:Finished
INFO:root:Started
INFO:root:I told you so
INFO:root:Finished
INFO:root:Started
INFO:root:I told you so
INFO:root:Finished
INFO:root:Started
INFO:root:I told you so
INFO:root:Finished
INFO:root:Started
INFO:root:I told you so
INFO:root:Finished test
INFO:root:Started
INFO:root:I told you so
INFO:root:Finished test
INFO:root:Logging envrionment variable HELLOWORLD
INFO:root:Finished
INFO:root:Logging envrionment variable HELLOWORLD
INFO:root:Finished
INFO:root:Logging envrionment variable HELLOWORLD
INFO:root:Finished
INFO:root:Logging envrionment variable HELLOWORLD
INFO:root:Finished
INFO:root:Logging envrionment variable HELLOWORLD
INFO:root:Finished
INFO:root:Logging envrionment variable HELLOWORLD
INFO:root:Finished
INFO:root:Logging envrionment variable HELLOWORLD
INFO:root:Finished
INFO:root:Logging envrionment variable HELLOWORLD
INFO:root:Finished
INFO:root:Logging envrionment variable HELLOWORLD
INFO:root:Finished
INFO:root:Logging envrionment variable HELLOWORLD
INFO:root:Finished
INFO:root:Logging envrionment variable HELLOWORLD
INFO:root:Finished
INFO:root:Logging envrionment variable HELLOWORLD
INFO:root:Finished
INFO:root:Logging envrionment variable HELLOWORLD
INFO:root:Finished
INFO:root:Logging envrionment variable HELLOWORLD
INFO:root:Finished
INFO:root:Logging envrionment variable HELLOWORLD
INFO:root:Finished
INFO:root:Logging envrionment variable HELLOWORLD
INFO:root:Finished
INFO:root:Logging envrionment variable HELLOWORLD
INFO:root:Finished
INFO:root:Logging envrionment variable HELLOWORLD
INFO:root:Finished
INFO:root:Logging envrionment variable HELLOWORLD
INFO:root:Finished
INFO:root:Logging envrionment variable HELLOWORLD
INFO:root:Finished
INFO:root:Logging envrionment variable HELLOWORLD
INFO:root:Finished
INFO:root:Logging envrionment variable HELLOWORLD
INFO:root:Finished
INFO:root:Logging envrionment variable HELLOWORLD
INFO:root:Finished
INFO:root:Logging envrionment variable HELLOWORLD
INFO:root:Finished
INFO:root:Logging envrionment variable HELLOWORLD
INFO:root:Finished
INFO:root:Logging envrionment variable HELLOWORLD
INFO:root:Finished
INFO:root:Logging envrionment variable HELLOWORLD
INFO:root:Finished
INFO:root:Logging envrionment variable HELLOWORLD
INFO:root:Finished
INFO:root:Logging envrionment variable HELLOWORLD
INFO:root:Finished
INFO:root:Logging envrionment variable HELLOWORLD
INFO:root:Finished
INFO:root:Logging envrionment variable HELLOWORLD
INFO:root:Finished
INFO:root:Logging envrionment variable HELLOWORLD
INFO:root:Finished
INFO:root:Logging envrionment variable HELLOWORLD
INFO:root:Finished
INFO:root:Logging envrionment variable HELLOWORLD
INFO:root:Finished
INFO:root:Logging envrionment variable HELLOWORLD
INFO:root:Finished
INFO:root:Logging envrionment variable HELLOWORLD
INFO:root:Finished
INFO:root:Logging envrionment variable HELLOWORLD
INFO:root:Finished
INFO:root:Logging envrionment variable HELLOWORLD
INFO:root:Finished
INFO:root:Logging envrionment variable HELLOWORLD
INFO:root:Finished
INFO:root:Logging envrionment variable HELLOWORLD
INFO:root:Finished
INFO:root:Logging envrionment variable HELLOWORLD
INFO:root:Finished
INFO:root:Logging envrionment variable HELLOWORLD
INFO:root:Finished
INFO:root:Logging envrionment variable HELLOWORLD
INFO:root:Finished
INFO:root:Logging envrionment variable HELLOWORLD
INFO:root:Finished
INFO:root:Logging envrionment variable HELLOWORLD
INFO:root:Finished
INFO:root:Logging envrionment variable HELLOWORLD
INFO:root:Finished
INFO:root:Logging envrionment variable HELLOWORLD
INFO:root:Finished
INFO:root:Logging envrionment variable HELLOWORLD
INFO:root:Finished
INFO:root:Logging envrionment variable HELLOWORLD
INFO:root:Finished
INFO:root:Logging envrionment variable HELLOWORLD
INFO:root:Finished
INFO:root:Logging envrionment variable HELLOWORLD
INFO:root:Finished
INFO:root:Logging envrionment variable HELLOWORLD
INFO:root:Finished
INFO:root:Logging envrionment variable HELLOWORLD
INFO:root:Finished
INFO:root:Logging envrionment variable HELLOWORLD
INFO:root:Finished
INFO:root:Logging envrionment variable HELLOWORLD
INFO:root:Finished
INFO:root:Logging envrionment variable HELLOWORLD
INFO:root:Finished
INFO:root:Logging envrionment variable HELLOWORLD
INFO:root:Finished
INFO:root:Logging envrionment variable HELLOWORLD
INFO:root:Finished
INFO:root:Logging envrionment variable HELLOWORLD
INFO:root:Finished
INFO:root:Logging envrionment variable HELLOWORLD
INFO:root:Finished
INFO:root:Logging envrionment variable HELLOWORLD
INFO:root:Finished
INFO:root:Cannot find HELLOWORLD environment variable locally
INFO:root:Cannot find HELLOWORLD environment variable locally
INFO:root:Cannot find HELLOWORLD environment variable locally
INFO:root:Cannot find HELLOWORLD environment variable locally
INFO:root:Cannot find HELLOWORLD environment variable locally
INFO:root:Cannot find HELLOWORLD environment variable locally
INFO:root:Cannot find HELLOWORLD dffff environment variable locally
INFO:root:Cannot find HELLOWORLD dffff environment variable locally
INFO:root:Logging envrionment variable HELLOWORLD
INFO:root:Logging envrionment variable HELLOWORLD
INFO:root:Logging envrionment variable HELLOWORLD
INFO:root:Logging envrionment variable HELLOWORLD
INFO:root:Logging envrionment variable HELLOWORLD
INFO:root:Logging envrionment variable HELLOWORLD
INFO:root:Logging envrionment variable HELLOWORLD
INFO:root:Logging envrionment variable HELLOWORLD
INFO:root:Logging envrionment variable HELLOWORLD
INFO:root:Logging envrionment variable HELLOWORLD
INFO:root:Logging envrionment variable HELLOWORLD
INFO:root:Logging envrionment variable HELLOWORLD
INFO:root:Logging envrionment variable HELLOWORLD
INFO:root:Logging envrionment variable HELLOWORLD
INFO:root:Logging envrionment variable HELLOWORLD
INFO:root:Logging envrionment variable HELLOWORLD
INFO:root:Logging envrionment variable HELLOWORLD
INFO:root:HELLOfWORLD is not an environment variable
INFO:root:HELLOfWORLD is not an environment variable
INFO:root:Logging envrionment variable HELLOWORLD
